2025-05-08 16:07:13,062 - INFO - Starting search for new pastes...
2025-05-08 16:07:13,063 - INFO - Fetching recent pastes...
2025-05-08 16:07:16,264 - INFO - Matched keyword 'leak'
2025-05-08 16:07:16,264 - INFO - FOUND: ⭐️Make $3000 in 24 hours W7 at https://pastebin.com/Cp3swsWt
2025-05-08 16:07:16,264 - INFO - Snippet:  
pdf https://tinyurl.com/freshleaks
 
important: when using the g2a exploit, make sure that the script version you are using is exactly “1.7”. higher or lower version will not work. versions are based on the update of the g2a site
 
kby7ljvygf
 

2025-05-08 16:07:16,264 - INFO - Matched keyword 'leak'
2025-05-08 16:07:16,264 - INFO - FOUND: ⭐️Earn $2000 a Month From Home UC at https://pastebin.com/xM89yK5Z
2025-05-08 16:07:16,264 - INFO - Snippet:  
pdf https://tinyurl.com/freshleaks
 
important: when using the g2a exploit, make sure that the script version you are using is exactly “1.7”. higher or lower version will not work. versions are based on the update of the g2a site
 
j4aiz5y383
 

2025-05-08 16:07:16,264 - INFO - Starting search for new pastes...
2025-05-08 16:07:16,265 - INFO - Fetching recent pastes...
2025-05-08 16:07:19,584 - INFO - Matched keyword 'leak'
2025-05-08 16:07:19,585 - INFO - FOUND: ⭐️Make $3000 in 24 hours W7 at https://pastebin.com/Cp3swsWt
2025-05-08 16:07:19,585 - INFO - Snippet:  
pdf https://tinyurl.com/freshleaks
 
important: when using the g2a exploit, make sure that the script version you are using is exactly “1.7”. higher or lower version will not work. versions are based on the update of the g2a site
 
kby7ljvygf
 

2025-05-08 16:07:19,585 - INFO - Matched keyword 'leak'
2025-05-08 16:07:19,585 - INFO - FOUND: ⭐️Earn $2000 a Month From Home UC at https://pastebin.com/xM89yK5Z
2025-05-08 16:07:19,585 - INFO - Snippet:  
pdf https://tinyurl.com/freshleaks
 
important: when using the g2a exploit, make sure that the script version you are using is exactly “1.7”. higher or lower version will not work. versions are based on the update of the g2a site
 
j4aiz5y383
 

2025-05-08 16:07:19,585 - INFO - Starting search for new pastes...
2025-05-08 16:07:19,585 - INFO - Fetching recent pastes...
2025-05-08 16:07:22,809 - INFO - Matched keyword 'leak'
2025-05-08 16:07:22,809 - INFO - FOUND: ⭐️500£ ANY SITE BALANCE INSTANTLY 2025 3J at https://pastebin.com/iGf4CPC6
2025-05-08 16:07:22,809 - INFO - Snippet:  
pdf https://tinyurl.com/freshleaks
 
important: when using the g2a exploit, make sure that the script version you are using is exactly “1.7”. higher or lower version will not work. versions are based on the update of the g2a site
 
cnthm4gt9i
 

2025-05-08 16:07:22,809 - INFO - Matched keyword 'leak'
2025-05-08 16:07:22,809 - INFO - FOUND: ⭐️Make $3000 in 24 hours W7 at https://pastebin.com/Cp3swsWt
2025-05-08 16:07:22,810 - INFO - Snippet:  
pdf https://tinyurl.com/freshleaks
 
important: when using the g2a exploit, make sure that the script version you are using is exactly “1.7”. higher or lower version will not work. versions are based on the update of the g2a site
 
kby7ljvygf
 

2025-05-08 16:07:22,810 - INFO - Matched keyword 'leak'
2025-05-08 16:07:22,810 - INFO - FOUND: ⭐️Earn $2000 a Month From Home UC at https://pastebin.com/xM89yK5Z
2025-05-08 16:07:22,810 - INFO - Snippet:  
pdf https://tinyurl.com/freshleaks
 
important: when using the g2a exploit, make sure that the script version you are using is exactly “1.7”. higher or lower version will not work. versions are based on the update of the g2a site
 
j4aiz5y383
 

2025-05-08 16:07:22,810 - INFO - Starting search for new pastes...
2025-05-08 16:07:22,810 - INFO - Fetching recent pastes...
2025-05-08 16:14:54,964 - INFO - Starting search for new pastes...
2025-05-08 16:14:54,965 - INFO - Fetching recent pastes...
2025-05-08 16:14:59,725 - INFO - Matched keyword 'leak'
2025-05-08 16:14:59,726 - INFO - FOUND: ⭐️Earn $2000 a Month From Home UC at https://pastebin.com/MthRziyK
2025-05-08 16:14:59,726 - INFO - Snippet:  
pdf https://tinyurl.com/freshleaks
 
important: when using the g2a exploit, make sure that the script version you are using is exactly “1.7”. higher or lower version will not work. versions are based on the update of the g2a site
 
nstht2apqy
 

2025-05-08 16:14:59,726 - INFO - Matched keyword 'password'
2025-05-08 16:14:59,726 - INFO - FOUND: Doublespending using Vanity Wallet at https://pastebin.com/pXQ8XnFF
2025-05-08 16:14:59,726 - INFO - Snippet: method posted on https://tinyurl.com/rbfmethod | password: 03672

2025-05-08 16:14:59,726 - INFO - Completed search cycle. Waiting for the next cycle.
2025-05-08 16:14:59,726 - INFO - Starting search for new pastes...
2025-05-08 16:14:59,727 - INFO - Fetching recent pastes...
2025-05-08 16:15:04,858 - INFO - Matched keyword 'password'
2025-05-08 16:15:04,859 - INFO - FOUND: Doublespending using Vanity Wallet at https://pastebin.com/pXQ8XnFF
2025-05-08 16:15:04,859 - INFO - Snippet: method posted on https://tinyurl.com/rbfmethod | password: 03672

2025-05-08 16:15:04,859 - INFO - Matched keyword 'leak'
2025-05-08 16:15:04,860 - INFO - FOUND: PayPal with Balance at https://pastebin.com/qhkrqjEs
2025-05-08 16:15:04,860 - INFO - Snippet: 74855 accounts posted on https://t.me/leakzbyeminem

2025-05-08 16:15:04,860 - INFO - Matched keyword 'leak'
2025-05-08 16:15:04,860 - INFO - FOUND: ⭐️Make 2000$+ daily together BI at https://pastebin.com/Gd0NucAL
2025-05-08 16:15:04,860 - INFO - Snippet:  
pdf https://tinyurl.com/freshleaks
 
important: when using the g2a exploit, make sure that the script version you are using is exactly “1.7”. higher or lower version will not work. versions are based on the update of the g2a site
 
ogkvzp1oge
 

2025-05-08 16:15:04,860 - INFO - Completed search cycle. Waiting for the next cycle.
2025-05-08 16:15:04,860 - INFO - Starting search for new pastes...
2025-05-08 16:15:04,860 - INFO - Fetching recent pastes...
